2016-09-22 15:57:17,230 [Worker-4] INFO  o.e.m.c.i.l.LifecycleMappingFactory - Using org.maven.ide.eclipse.wtp.WarLifecycleMapping lifecycle mapping for MavenProject: SistemaAcademico:SistemaAcademico:0.0.1-SNAPSHOT @ /home/saturnino/academiajava/SistemaAcademico/pom.xml.
2016-09-22 15:57:19,432 [Worker-4] INFO  o.e.m.j.i.AbstractJavaProjectConfigurator - Adding source folder /SistemaAcademico/src
2016-09-22 15:57:19,440 [Worker-4] INFO  o.e.m.j.i.AbstractJavaProjectConfigurator - Not adding source folder /SistemaAcademico/src/test/java because it overlaps with /SistemaAcademico/src
2016-09-22 15:57:20,377 [Worker-4] INFO  o.e.m.c.i.p.ProjectConfigurationManager - Update started
2016-09-22 15:57:20,406 [Worker-14] WARN  o.e.m.c.i.embedder.EclipseLogger - Using platform encoding (UTF-8 actually) to copy filtered resources, i.e. build is platform dependent!
2016-09-22 15:57:20,417 [Worker-14] INFO  o.e.m.c.i.embedder.EclipseLogger - skip non existing resourceDirectory /home/saturnino/academiajava/SistemaAcademico/src/main/resources
2016-09-22 15:57:20,425 [Worker-14] WARN  o.e.m.c.i.embedder.EclipseLogger - Using platform encoding (UTF-8 actually) to copy filtered resources, i.e. build is platform dependent!
2016-09-22 15:57:20,426 [Worker-14] INFO  o.e.m.c.i.embedder.EclipseLogger - skip non existing resourceDirectory /home/saturnino/academiajava/SistemaAcademico/src/test/resources
2016-09-22 15:57:21,151 [Worker-4] INFO  o.e.m.c.i.l.LifecycleMappingFactory - Using org.maven.ide.eclipse.wtp.WarLifecycleMapping lifecycle mapping for MavenProject: SistemaAcademico:SistemaAcademico:0.0.1-SNAPSHOT @ /home/saturnino/academiajava/SistemaAcademico/pom.xml.
2016-09-22 15:57:22,469 [Worker-4] INFO  o.e.m.j.i.AbstractJavaProjectConfigurator - Adding source folder /SistemaAcademico/src
2016-09-22 15:57:22,470 [Worker-4] INFO  o.e.m.j.i.AbstractJavaProjectConfigurator - Not adding source folder /SistemaAcademico/src/test/java because it overlaps with /SistemaAcademico/src
2016-09-22 15:57:22,964 [Worker-4] INFO  o.e.m.w.i.f.ResourceFilteringBuildParticipant - Cleaning filtered folder for SistemaAcademico
2016-09-22 15:57:23,034 [Worker-4] INFO  o.e.m.c.i.p.ProjectConfigurationManager - Update completed: 2 sec
2016-09-22 15:57:23,340 [Worker-12] WARN  o.e.m.c.i.embedder.EclipseLogger - Using platform encoding (UTF-8 actually) to copy filtered resources, i.e. build is platform dependent!
2016-09-22 15:57:23,350 [Worker-12] INFO  o.e.m.c.i.embedder.EclipseLogger - skip non existing resourceDirectory /home/saturnino/academiajava/SistemaAcademico/src/main/resources
2016-09-22 15:57:23,360 [Worker-12] WARN  o.e.m.c.i.embedder.EclipseLogger - Using platform encoding (UTF-8 actually) to copy filtered resources, i.e. build is platform dependent!
2016-09-22 15:57:23,361 [Worker-12] INFO  o.e.m.c.i.embedder.EclipseLogger - skip non existing resourceDirectory /home/saturnino/academiajava/SistemaAcademico/src/test/resources
2016-09-22 15:57:23,362 [Worker-12] INFO  o.e.m.w.i.f.ResourceFilteringBuildParticipant - Changed resources require a complete clean of filtered resources of SistemaAcademico
2016-09-22 15:57:23,363 [Worker-12] INFO  o.e.m.w.i.f.ResourceFilteringBuildParticipant - Executing resource filtering for SistemaAcademico
2016-09-22 15:57:23,435 [Worker-12] WARN  o.e.m.c.i.embedder.EclipseLogger - Using platform encoding (UTF-8 actually) to copy filtered resources, i.e. build is platform dependent!
2016-09-22 15:59:12,041 [Worker-24] INFO  o.e.m.c.i.l.LifecycleMappingFactory - Using org.maven.ide.eclipse.wtp.WarLifecycleMapping lifecycle mapping for MavenProject: SistemaAcademico:SistemaAcademico:0.0.1-SNAPSHOT @ /home/saturnino/academiajava/SistemaAcademico/pom.xml.
2016-09-22 15:59:15,946 [Worker-24] INFO  o.e.m.c.i.embedder.EclipseLogger - Using 'UTF-8' encoding to copy filtered resources.
2016-09-22 15:59:15,947 [Worker-24] INFO  o.e.m.c.i.embedder.EclipseLogger - skip non existing resourceDirectory /home/saturnino/academiajava/SistemaAcademico/src/main/resources
2016-09-22 15:59:15,956 [Worker-24] INFO  o.e.m.c.i.embedder.EclipseLogger - Using 'UTF-8' encoding to copy filtered resources.
2016-09-22 15:59:15,957 [Worker-24] INFO  o.e.m.c.i.embedder.EclipseLogger - skip non existing resourceDirectory /home/saturnino/academiajava/SistemaAcademico/src/test/resources
2016-09-22 15:59:15,958 [Worker-24] INFO  o.e.m.w.i.f.ResourceFilteringBuildParticipant - Changed resources require a complete clean of filtered resources of SistemaAcademico
2016-09-22 15:59:15,959 [Worker-24] INFO  o.e.m.w.i.f.ResourceFilteringBuildParticipant - Executing resource filtering for SistemaAcademico
2016-09-22 15:59:15,976 [Worker-24] INFO  o.e.m.c.i.embedder.EclipseLogger - Using 'UTF-8' encoding to copy filtered resources.
2016-09-22 15:59:49,773 [Worker-4] INFO  o.e.m.c.i.p.ProjectConfigurationManager - Update started
2016-09-22 15:59:51,968 [Worker-4] INFO  o.e.m.c.i.l.LifecycleMappingFactory - Using org.maven.ide.eclipse.wtp.WarLifecycleMapping lifecycle mapping for MavenProject: SistemaAcademico:SistemaAcademico:0.0.1-SNAPSHOT @ /home/saturnino/academiajava/SistemaAcademico/pom.xml.
2016-09-22 15:59:57,077 [Worker-4] INFO  o.e.m.j.i.AbstractJavaProjectConfigurator - Adding source folder /SistemaAcademico/src
2016-09-22 15:59:57,078 [Worker-4] INFO  o.e.m.j.i.AbstractJavaProjectConfigurator - Not adding source folder /SistemaAcademico/src/test/java because it overlaps with /SistemaAcademico/src
2016-09-22 15:59:59,971 [Worker-4] INFO  o.e.m.w.i.f.ResourceFilteringBuildParticipant - Cleaning filtered folder for SistemaAcademico
2016-09-22 15:59:59,978 [Worker-4] INFO  o.e.m.c.i.p.ProjectConfigurationManager - Update completed: 10 sec
2016-09-22 16:00:03,244 [Worker-25] INFO  o.e.m.c.i.embedder.EclipseLogger - Using 'UTF-8' encoding to copy filtered resources.
2016-09-22 16:00:03,244 [Worker-25] INFO  o.e.m.c.i.embedder.EclipseLogger - skip non existing resourceDirectory /home/saturnino/academiajava/SistemaAcademico/src/main/resources
2016-09-22 16:00:03,260 [Worker-25] INFO  o.e.m.c.i.embedder.EclipseLogger - Using 'UTF-8' encoding to copy filtered resources.
2016-09-22 16:00:03,260 [Worker-25] INFO  o.e.m.c.i.embedder.EclipseLogger - skip non existing resourceDirectory /home/saturnino/academiajava/SistemaAcademico/src/test/resources
2016-09-22 16:00:03,261 [Worker-25] INFO  o.e.m.w.i.f.ResourceFilteringBuildParticipant - Changed resources require a complete clean of filtered resources of SistemaAcademico
2016-09-22 16:00:03,262 [Worker-25] INFO  o.e.m.w.i.f.ResourceFilteringBuildParticipant - Executing resource filtering for SistemaAcademico
2016-09-22 16:00:03,315 [Worker-25] INFO  o.e.m.c.i.embedder.EclipseLogger - Using 'UTF-8' encoding to copy filtered resources.
2016-09-22 16:00:49,620 [Worker-25] INFO  o.e.m.c.i.embedder.EclipseLogger - Using 'UTF-8' encoding to copy filtered resources.
2016-09-22 16:00:49,620 [Worker-25] INFO  o.e.m.c.i.embedder.EclipseLogger - skip non existing resourceDirectory /home/saturnino/academiajava/SistemaAcademico/src/main/resources
2016-09-22 16:00:49,661 [Worker-25] INFO  o.e.m.c.i.embedder.EclipseLogger - Using 'UTF-8' encoding to copy filtered resources.
2016-09-22 16:00:49,662 [Worker-25] INFO  o.e.m.c.i.embedder.EclipseLogger - skip non existing resourceDirectory /home/saturnino/academiajava/SistemaAcademico/src/test/resources
2016-09-22 16:01:49,933 [Worker-27] INFO  o.e.m.c.i.embedder.EclipseLogger - Using 'UTF-8' encoding to copy filtered resources.
2016-09-22 16:01:49,934 [Worker-27] INFO  o.e.m.c.i.embedder.EclipseLogger - skip non existing resourceDirectory /home/saturnino/academiajava/SistemaAcademico/src/main/resources
2016-09-22 16:01:49,945 [Worker-27] INFO  o.e.m.c.i.embedder.EclipseLogger - Using 'UTF-8' encoding to copy filtered resources.
2016-09-22 16:01:49,945 [Worker-27] INFO  o.e.m.c.i.embedder.EclipseLogger - skip non existing resourceDirectory /home/saturnino/academiajava/SistemaAcademico/src/test/resources
2016-09-22 16:02:54,451 [Worker-4] INFO  o.e.m.c.i.embedder.EclipseLogger - Using 'UTF-8' encoding to copy filtered resources.
2016-09-22 16:02:54,452 [Worker-4] INFO  o.e.m.c.i.embedder.EclipseLogger - skip non existing resourceDirectory /home/saturnino/academiajava/SistemaAcademico/src/main/resources
2016-09-22 16:02:54,458 [Worker-4] INFO  o.e.m.c.i.embedder.EclipseLogger - Using 'UTF-8' encoding to copy filtered resources.
2016-09-22 16:02:54,463 [Worker-4] INFO  o.e.m.c.i.embedder.EclipseLogger - skip non existing resourceDirectory /home/saturnino/academiajava/SistemaAcademico/src/test/resources
2016-09-22 16:04:03,394 [Worker-23] INFO  o.e.m.c.i.embedder.EclipseLogger - Using 'UTF-8' encoding to copy filtered resources.
2016-09-22 16:04:03,397 [Worker-23] INFO  o.e.m.c.i.embedder.EclipseLogger - skip non existing resourceDirectory /home/saturnino/academiajava/SistemaAcademico/src/main/resources
2016-09-22 16:04:03,399 [Worker-23] INFO  o.e.m.c.i.embedder.EclipseLogger - Using 'UTF-8' encoding to copy filtered resources.
2016-09-22 16:04:03,399 [Worker-23] INFO  o.e.m.c.i.embedder.EclipseLogger - skip non existing resourceDirectory /home/saturnino/academiajava/SistemaAcademico/src/test/resources
2016-09-22 16:04:17,400 [Worker-4] INFO  o.e.m.c.i.embedder.EclipseLogger - Using 'UTF-8' encoding to copy filtered resources.
2016-09-22 16:04:17,400 [Worker-4] INFO  o.e.m.c.i.embedder.EclipseLogger - skip non existing resourceDirectory /home/saturnino/academiajava/SistemaAcademico/src/main/resources
2016-09-22 16:04:17,401 [Worker-4] INFO  o.e.m.c.i.embedder.EclipseLogger - Using 'UTF-8' encoding to copy filtered resources.
2016-09-22 16:04:17,402 [Worker-4] INFO  o.e.m.c.i.embedder.EclipseLogger - skip non existing resourceDirectory /home/saturnino/academiajava/SistemaAcademico/src/test/resources
2016-09-22 16:04:57,462 [Worker-13] INFO  o.e.m.c.i.embedder.EclipseLogger - Using 'UTF-8' encoding to copy filtered resources.
2016-09-22 16:04:57,462 [Worker-13] INFO  o.e.m.c.i.embedder.EclipseLogger - skip non existing resourceDirectory /home/saturnino/academiajava/SistemaAcademico/src/main/resources
2016-09-22 16:04:57,466 [Worker-13] INFO  o.e.m.c.i.embedder.EclipseLogger - Using 'UTF-8' encoding to copy filtered resources.
2016-09-22 16:04:57,467 [Worker-13] INFO  o.e.m.c.i.embedder.EclipseLogger - skip non existing resourceDirectory /home/saturnino/academiajava/SistemaAcademico/src/test/resources
2016-09-22 16:05:53,756 [Worker-28] INFO  o.e.m.c.i.embedder.EclipseLogger - Using 'UTF-8' encoding to copy filtered resources.
2016-09-22 16:05:53,756 [Worker-28] INFO  o.e.m.c.i.embedder.EclipseLogger - skip non existing resourceDirectory /home/saturnino/academiajava/SistemaAcademico/src/main/resources
2016-09-22 16:05:53,758 [Worker-28] INFO  o.e.m.c.i.embedder.EclipseLogger - Using 'UTF-8' encoding to copy filtered resources.
2016-09-22 16:05:53,758 [Worker-28] INFO  o.e.m.c.i.embedder.EclipseLogger - skip non existing resourceDirectory /home/saturnino/academiajava/SistemaAcademico/src/test/resources
2016-09-22 16:06:43,071 [Worker-28] INFO  o.e.m.c.i.embedder.EclipseLogger - Using 'UTF-8' encoding to copy filtered resources.
2016-09-22 16:06:43,071 [Worker-28] INFO  o.e.m.c.i.embedder.EclipseLogger - skip non existing resourceDirectory /home/saturnino/academiajava/SistemaAcademico/src/main/resources
2016-09-22 16:06:43,073 [Worker-28] INFO  o.e.m.c.i.embedder.EclipseLogger - Using 'UTF-8' encoding to copy filtered resources.
2016-09-22 16:06:43,073 [Worker-28] INFO  o.e.m.c.i.embedder.EclipseLogger - skip non existing resourceDirectory /home/saturnino/academiajava/SistemaAcademico/src/test/resources
2016-09-22 16:11:36,082 [Worker-4] INFO  o.e.m.c.i.embedder.EclipseLogger - Using 'UTF-8' encoding to copy filtered resources.
2016-09-22 16:11:36,083 [Worker-4] INFO  o.e.m.c.i.embedder.EclipseLogger - skip non existing resourceDirectory /home/saturnino/academiajava/SistemaAcademico/src/main/resources
2016-09-22 16:11:36,085 [Worker-4] INFO  o.e.m.c.i.embedder.EclipseLogger - Using 'UTF-8' encoding to copy filtered resources.
2016-09-22 16:11:36,085 [Worker-4] INFO  o.e.m.c.i.embedder.EclipseLogger - skip non existing resourceDirectory /home/saturnino/academiajava/SistemaAcademico/src/test/resources
2016-09-22 16:13:30,523 [Worker-28] INFO  o.e.m.c.i.embedder.EclipseLogger - Using 'UTF-8' encoding to copy filtered resources.
2016-09-22 16:13:30,524 [Worker-28] INFO  o.e.m.c.i.embedder.EclipseLogger - skip non existing resourceDirectory /home/saturnino/academiajava/SistemaAcademico/src/main/resources
2016-09-22 16:13:30,527 [Worker-28] INFO  o.e.m.c.i.embedder.EclipseLogger - Using 'UTF-8' encoding to copy filtered resources.
2016-09-22 16:13:30,527 [Worker-28] INFO  o.e.m.c.i.embedder.EclipseLogger - skip non existing resourceDirectory /home/saturnino/academiajava/SistemaAcademico/src/test/resources
2016-09-22 16:13:36,428 [Worker-30] INFO  o.e.m.c.i.embedder.EclipseLogger - Using 'UTF-8' encoding to copy filtered resources.
2016-09-22 16:13:36,428 [Worker-30] INFO  o.e.m.c.i.embedder.EclipseLogger - skip non existing resourceDirectory /home/saturnino/academiajava/SistemaAcademico/src/main/resources
2016-09-22 16:13:36,432 [Worker-30] INFO  o.e.m.c.i.embedder.EclipseLogger - Using 'UTF-8' encoding to copy filtered resources.
2016-09-22 16:13:36,432 [Worker-30] INFO  o.e.m.c.i.embedder.EclipseLogger - skip non existing resourceDirectory /home/saturnino/academiajava/SistemaAcademico/src/test/resources
2016-09-22 16:14:07,381 [Worker-33] INFO  o.e.m.c.i.embedder.EclipseLogger - Using 'UTF-8' encoding to copy filtered resources.
2016-09-22 16:14:07,381 [Worker-33] INFO  o.e.m.c.i.embedder.EclipseLogger - skip non existing resourceDirectory /home/saturnino/academiajava/SistemaAcademico/src/main/resources
2016-09-22 16:14:07,387 [Worker-33] INFO  o.e.m.c.i.embedder.EclipseLogger - Using 'UTF-8' encoding to copy filtered resources.
2016-09-22 16:14:07,387 [Worker-33] INFO  o.e.m.c.i.embedder.EclipseLogger - skip non existing resourceDirectory /home/saturnino/academiajava/SistemaAcademico/src/test/resources
2016-09-22 16:14:47,986 [Worker-29] INFO  o.e.m.c.i.embedder.EclipseLogger - Using 'UTF-8' encoding to copy filtered resources.
2016-09-22 16:14:47,987 [Worker-29] INFO  o.e.m.c.i.embedder.EclipseLogger - skip non existing resourceDirectory /home/saturnino/academiajava/SistemaAcademico/src/main/resources
2016-09-22 16:14:47,989 [Worker-29] INFO  o.e.m.c.i.embedder.EclipseLogger - Using 'UTF-8' encoding to copy filtered resources.
2016-09-22 16:14:47,989 [Worker-29] INFO  o.e.m.c.i.embedder.EclipseLogger - skip non existing resourceDirectory /home/saturnino/academiajava/SistemaAcademico/src/test/resources
2016-09-22 16:17:06,136 [Worker-34] INFO  o.e.m.c.i.embedder.EclipseLogger - Using 'UTF-8' encoding to copy filtered resources.
2016-09-22 16:17:06,136 [Worker-34] INFO  o.e.m.c.i.embedder.EclipseLogger - skip non existing resourceDirectory /home/saturnino/academiajava/SistemaAcademico/src/main/resources
2016-09-22 16:17:06,137 [Worker-34] INFO  o.e.m.c.i.embedder.EclipseLogger - Using 'UTF-8' encoding to copy filtered resources.
2016-09-22 16:17:06,138 [Worker-34] INFO  o.e.m.c.i.embedder.EclipseLogger - skip non existing resourceDirectory /home/saturnino/academiajava/SistemaAcademico/src/test/resources
2016-09-22 16:17:32,461 [Worker-35] INFO  o.e.m.c.i.embedder.EclipseLogger - Using 'UTF-8' encoding to copy filtered resources.
2016-09-22 16:17:32,462 [Worker-35] INFO  o.e.m.c.i.embedder.EclipseLogger - skip non existing resourceDirectory /home/saturnino/academiajava/SistemaAcademico/src/main/resources
2016-09-22 16:17:32,465 [Worker-35] INFO  o.e.m.c.i.embedder.EclipseLogger - Using 'UTF-8' encoding to copy filtered resources.
2016-09-22 16:17:32,465 [Worker-35] INFO  o.e.m.c.i.embedder.EclipseLogger - skip non existing resourceDirectory /home/saturnino/academiajava/SistemaAcademico/src/test/resources
2016-09-22 16:18:46,671 [Worker-32] INFO  o.e.m.c.i.embedder.EclipseLogger - Using 'UTF-8' encoding to copy filtered resources.
2016-09-22 16:18:46,671 [Worker-32] INFO  o.e.m.c.i.embedder.EclipseLogger - skip non existing resourceDirectory /home/saturnino/academiajava/SistemaAcademico/src/main/resources
2016-09-22 16:18:46,673 [Worker-32] INFO  o.e.m.c.i.embedder.EclipseLogger - Using 'UTF-8' encoding to copy filtered resources.
2016-09-22 16:18:46,673 [Worker-32] INFO  o.e.m.c.i.embedder.EclipseLogger - skip non existing resourceDirectory /home/saturnino/academiajava/SistemaAcademico/src/test/resources
2016-09-22 16:18:50,272 [Worker-13] INFO  o.e.m.c.i.embedder.EclipseLogger - Using 'UTF-8' encoding to copy filtered resources.
2016-09-22 16:18:50,272 [Worker-13] INFO  o.e.m.c.i.embedder.EclipseLogger - skip non existing resourceDirectory /home/saturnino/academiajava/SistemaAcademico/src/main/resources
2016-09-22 16:18:50,274 [Worker-13] INFO  o.e.m.c.i.embedder.EclipseLogger - Using 'UTF-8' encoding to copy filtered resources.
2016-09-22 16:18:50,274 [Worker-13] INFO  o.e.m.c.i.embedder.EclipseLogger - skip non existing resourceDirectory /home/saturnino/academiajava/SistemaAcademico/src/test/resources
2016-09-22 16:19:15,517 [Worker-13] INFO  o.e.m.c.i.embedder.EclipseLogger - Using 'UTF-8' encoding to copy filtered resources.
2016-09-22 16:19:15,517 [Worker-13] INFO  o.e.m.c.i.embedder.EclipseLogger - skip non existing resourceDirectory /home/saturnino/academiajava/SistemaAcademico/src/main/resources
2016-09-22 16:19:15,525 [Worker-13] INFO  o.e.m.c.i.embedder.EclipseLogger - Using 'UTF-8' encoding to copy filtered resources.
2016-09-22 16:19:15,526 [Worker-13] INFO  o.e.m.c.i.embedder.EclipseLogger - skip non existing resourceDirectory /home/saturnino/academiajava/SistemaAcademico/src/test/resources
2016-09-22 16:19:18,576 [Worker-35] INFO  o.e.m.c.i.embedder.EclipseLogger - Using 'UTF-8' encoding to copy filtered resources.
2016-09-22 16:19:18,577 [Worker-35] INFO  o.e.m.c.i.embedder.EclipseLogger - skip non existing resourceDirectory /home/saturnino/academiajava/SistemaAcademico/src/main/resources
2016-09-22 16:19:18,578 [Worker-35] INFO  o.e.m.c.i.embedder.EclipseLogger - Using 'UTF-8' encoding to copy filtered resources.
2016-09-22 16:19:18,578 [Worker-35] INFO  o.e.m.c.i.embedder.EclipseLogger - skip non existing resourceDirectory /home/saturnino/academiajava/SistemaAcademico/src/test/resources
2016-09-22 16:19:23,236 [Worker-36] INFO  o.e.m.c.i.embedder.EclipseLogger - Using 'UTF-8' encoding to copy filtered resources.
2016-09-22 16:19:23,236 [Worker-36] INFO  o.e.m.c.i.embedder.EclipseLogger - skip non existing resourceDirectory /home/saturnino/academiajava/SistemaAcademico/src/main/resources
2016-09-22 16:19:23,239 [Worker-36] INFO  o.e.m.c.i.embedder.EclipseLogger - Using 'UTF-8' encoding to copy filtered resources.
2016-09-22 16:19:23,239 [Worker-36] INFO  o.e.m.c.i.embedder.EclipseLogger - skip non existing resourceDirectory /home/saturnino/academiajava/SistemaAcademico/src/test/resources
2016-09-22 16:19:33,077 [Worker-32] INFO  o.e.m.c.i.embedder.EclipseLogger - Using 'UTF-8' encoding to copy filtered resources.
2016-09-22 16:19:33,077 [Worker-32] INFO  o.e.m.c.i.embedder.EclipseLogger - skip non existing resourceDirectory /home/saturnino/academiajava/SistemaAcademico/src/main/resources
2016-09-22 16:19:33,092 [Worker-32] INFO  o.e.m.c.i.embedder.EclipseLogger - Using 'UTF-8' encoding to copy filtered resources.
2016-09-22 16:19:33,093 [Worker-32] INFO  o.e.m.c.i.embedder.EclipseLogger - skip non existing resourceDirectory /home/saturnino/academiajava/SistemaAcademico/src/test/resources
2016-09-22 16:19:54,448 [Worker-37] INFO  o.e.m.c.i.embedder.EclipseLogger - Using 'UTF-8' encoding to copy filtered resources.
2016-09-22 16:19:54,449 [Worker-37] INFO  o.e.m.c.i.embedder.EclipseLogger - skip non existing resourceDirectory /home/saturnino/academiajava/SistemaAcademico/src/main/resources
2016-09-22 16:19:54,452 [Worker-37] INFO  o.e.m.c.i.embedder.EclipseLogger - Using 'UTF-8' encoding to copy filtered resources.
2016-09-22 16:19:54,453 [Worker-37] INFO  o.e.m.c.i.embedder.EclipseLogger - skip non existing resourceDirectory /home/saturnino/academiajava/SistemaAcademico/src/test/resources
2016-09-22 16:20:40,100 [Worker-36] INFO  o.e.m.c.i.embedder.EclipseLogger - Using 'UTF-8' encoding to copy filtered resources.
2016-09-22 16:20:40,101 [Worker-36] INFO  o.e.m.c.i.embedder.EclipseLogger - skip non existing resourceDirectory /home/saturnino/academiajava/SistemaAcademico/src/main/resources
2016-09-22 16:20:40,132 [Worker-36] INFO  o.e.m.c.i.embedder.EclipseLogger - Using 'UTF-8' encoding to copy filtered resources.
2016-09-22 16:20:40,133 [Worker-36] INFO  o.e.m.c.i.embedder.EclipseLogger - skip non existing resourceDirectory /home/saturnino/academiajava/SistemaAcademico/src/test/resources
2016-09-22 16:21:16,391 [Worker-39] INFO  o.e.m.c.i.embedder.EclipseLogger - Using 'UTF-8' encoding to copy filtered resources.
2016-09-22 16:21:16,392 [Worker-39] INFO  o.e.m.c.i.embedder.EclipseLogger - skip non existing resourceDirectory /home/saturnino/academiajava/SistemaAcademico/src/main/resources
2016-09-22 16:21:16,421 [Worker-39] INFO  o.e.m.c.i.embedder.EclipseLogger - Using 'UTF-8' encoding to copy filtered resources.
2016-09-22 16:21:16,422 [Worker-39] INFO  o.e.m.c.i.embedder.EclipseLogger - skip non existing resourceDirectory /home/saturnino/academiajava/SistemaAcademico/src/test/resources
2016-09-22 16:21:25,749 [Worker-36] INFO  o.e.m.c.i.embedder.EclipseLogger - Using 'UTF-8' encoding to copy filtered resources.
2016-09-22 16:21:25,749 [Worker-36] INFO  o.e.m.c.i.embedder.EclipseLogger - skip non existing resourceDirectory /home/saturnino/academiajava/SistemaAcademico/src/main/resources
2016-09-22 16:21:25,800 [Worker-36] INFO  o.e.m.c.i.embedder.EclipseLogger - Using 'UTF-8' encoding to copy filtered resources.
2016-09-22 16:21:25,801 [Worker-36] INFO  o.e.m.c.i.embedder.EclipseLogger - skip non existing resourceDirectory /home/saturnino/academiajava/SistemaAcademico/src/test/resources
2016-09-22 16:21:43,114 [Worker-32] INFO  o.e.m.c.i.embedder.EclipseLogger - Using 'UTF-8' encoding to copy filtered resources.
2016-09-22 16:21:43,114 [Worker-32] INFO  o.e.m.c.i.embedder.EclipseLogger - skip non existing resourceDirectory /home/saturnino/academiajava/SistemaAcademico/src/main/resources
2016-09-22 16:21:43,122 [Worker-32] INFO  o.e.m.c.i.embedder.EclipseLogger - Using 'UTF-8' encoding to copy filtered resources.
2016-09-22 16:21:43,122 [Worker-32] INFO  o.e.m.c.i.embedder.EclipseLogger - skip non existing resourceDirectory /home/saturnino/academiajava/SistemaAcademico/src/test/resources
2016-09-22 16:21:53,380 [Worker-35] INFO  o.e.m.c.i.embedder.EclipseLogger - Using 'UTF-8' encoding to copy filtered resources.
2016-09-22 16:21:53,380 [Worker-35] INFO  o.e.m.c.i.embedder.EclipseLogger - skip non existing resourceDirectory /home/saturnino/academiajava/SistemaAcademico/src/main/resources
2016-09-22 16:21:53,385 [Worker-35] INFO  o.e.m.c.i.embedder.EclipseLogger - Using 'UTF-8' encoding to copy filtered resources.
2016-09-22 16:21:53,386 [Worker-35] INFO  o.e.m.c.i.embedder.EclipseLogger - skip non existing resourceDirectory /home/saturnino/academiajava/SistemaAcademico/src/test/resources
2016-09-22 16:22:08,281 [Worker-35] INFO  o.e.m.c.i.embedder.EclipseLogger - Using 'UTF-8' encoding to copy filtered resources.
2016-09-22 16:22:08,309 [Worker-35] INFO  o.e.m.c.i.embedder.EclipseLogger - skip non existing resourceDirectory /home/saturnino/academiajava/SistemaAcademico/src/main/resources
2016-09-22 16:22:08,313 [Worker-35] INFO  o.e.m.c.i.embedder.EclipseLogger - Using 'UTF-8' encoding to copy filtered resources.
2016-09-22 16:22:08,313 [Worker-35] INFO  o.e.m.c.i.embedder.EclipseLogger - skip non existing resourceDirectory /home/saturnino/academiajava/SistemaAcademico/src/test/resources
2016-09-22 16:22:26,222 [Worker-40] INFO  o.e.m.c.i.embedder.EclipseLogger - Using 'UTF-8' encoding to copy filtered resources.
2016-09-22 16:22:26,225 [Worker-40] INFO  o.e.m.c.i.embedder.EclipseLogger - skip non existing resourceDirectory /home/saturnino/academiajava/SistemaAcademico/src/main/resources
2016-09-22 16:22:26,230 [Worker-40] INFO  o.e.m.c.i.embedder.EclipseLogger - Using 'UTF-8' encoding to copy filtered resources.
2016-09-22 16:22:26,230 [Worker-40] INFO  o.e.m.c.i.embedder.EclipseLogger - skip non existing resourceDirectory /home/saturnino/academiajava/SistemaAcademico/src/test/resources
2016-09-22 16:22:35,112 [Worker-32] INFO  o.e.m.c.i.embedder.EclipseLogger - Using 'UTF-8' encoding to copy filtered resources.
2016-09-22 16:22:35,113 [Worker-32] INFO  o.e.m.c.i.embedder.EclipseLogger - skip non existing resourceDirectory /home/saturnino/academiajava/SistemaAcademico/src/main/resources
2016-09-22 16:22:35,142 [Worker-32] INFO  o.e.m.c.i.embedder.EclipseLogger - Using 'UTF-8' encoding to copy filtered resources.
2016-09-22 16:22:35,142 [Worker-32] INFO  o.e.m.c.i.embedder.EclipseLogger - skip non existing resourceDirectory /home/saturnino/academiajava/SistemaAcademico/src/test/resources
2016-09-22 16:22:46,579 [Worker-13] INFO  o.e.m.c.i.embedder.EclipseLogger - Using 'UTF-8' encoding to copy filtered resources.
2016-09-22 16:22:46,580 [Worker-13] INFO  o.e.m.c.i.embedder.EclipseLogger - skip non existing resourceDirectory /home/saturnino/academiajava/SistemaAcademico/src/main/resources
2016-09-22 16:22:46,586 [Worker-13] INFO  o.e.m.c.i.embedder.EclipseLogger - Using 'UTF-8' encoding to copy filtered resources.
2016-09-22 16:22:46,586 [Worker-13] INFO  o.e.m.c.i.embedder.EclipseLogger - skip non existing resourceDirectory /home/saturnino/academiajava/SistemaAcademico/src/test/resources
2016-09-22 16:22:58,341 [Worker-34] INFO  o.e.m.c.i.embedder.EclipseLogger - Using 'UTF-8' encoding to copy filtered resources.
2016-09-22 16:22:58,341 [Worker-34] INFO  o.e.m.c.i.embedder.EclipseLogger - skip non existing resourceDirectory /home/saturnino/academiajava/SistemaAcademico/src/main/resources
2016-09-22 16:22:58,344 [Worker-34] INFO  o.e.m.c.i.embedder.EclipseLogger - Using 'UTF-8' encoding to copy filtered resources.
2016-09-22 16:22:58,345 [Worker-34] INFO  o.e.m.c.i.embedder.EclipseLogger - skip non existing resourceDirectory /home/saturnino/academiajava/SistemaAcademico/src/test/resources
2016-09-22 16:23:06,681 [Worker-40] INFO  o.e.m.c.i.embedder.EclipseLogger - Using 'UTF-8' encoding to copy filtered resources.
2016-09-22 16:23:06,681 [Worker-40] INFO  o.e.m.c.i.embedder.EclipseLogger - skip non existing resourceDirectory /home/saturnino/academiajava/SistemaAcademico/src/main/resources
2016-09-22 16:23:06,687 [Worker-40] INFO  o.e.m.c.i.embedder.EclipseLogger - Using 'UTF-8' encoding to copy filtered resources.
2016-09-22 16:23:06,688 [Worker-40] INFO  o.e.m.c.i.embedder.EclipseLogger - skip non existing resourceDirectory /home/saturnino/academiajava/SistemaAcademico/src/test/resources
2016-09-22 16:23:48,582 [Worker-32] INFO  o.e.m.c.i.embedder.EclipseLogger - Using 'UTF-8' encoding to copy filtered resources.
2016-09-22 16:23:48,582 [Worker-32] INFO  o.e.m.c.i.embedder.EclipseLogger - skip non existing resourceDirectory /home/saturnino/academiajava/SistemaAcademico/src/main/resources
2016-09-22 16:23:48,597 [Worker-32] INFO  o.e.m.c.i.embedder.EclipseLogger - Using 'UTF-8' encoding to copy filtered resources.
2016-09-22 16:23:48,597 [Worker-32] INFO  o.e.m.c.i.embedder.EclipseLogger - skip non existing resourceDirectory /home/saturnino/academiajava/SistemaAcademico/src/test/resources
2016-09-22 16:23:52,864 [Worker-41] INFO  o.e.m.c.i.embedder.EclipseLogger - Using 'UTF-8' encoding to copy filtered resources.
2016-09-22 16:23:52,865 [Worker-41] INFO  o.e.m.c.i.embedder.EclipseLogger - skip non existing resourceDirectory /home/saturnino/academiajava/SistemaAcademico/src/main/resources
2016-09-22 16:23:52,870 [Worker-41] INFO  o.e.m.c.i.embedder.EclipseLogger - Using 'UTF-8' encoding to copy filtered resources.
2016-09-22 16:23:52,900 [Worker-41] INFO  o.e.m.c.i.embedder.EclipseLogger - skip non existing resourceDirectory /home/saturnino/academiajava/SistemaAcademico/src/test/resources
2016-09-22 16:24:17,449 [Worker-38] INFO  o.e.m.c.i.embedder.EclipseLogger - Using 'UTF-8' encoding to copy filtered resources.
2016-09-22 16:24:17,450 [Worker-38] INFO  o.e.m.c.i.embedder.EclipseLogger - skip non existing resourceDirectory /home/saturnino/academiajava/SistemaAcademico/src/main/resources
2016-09-22 16:24:17,478 [Worker-38] INFO  o.e.m.c.i.embedder.EclipseLogger - Using 'UTF-8' encoding to copy filtered resources.
2016-09-22 16:24:17,478 [Worker-38] INFO  o.e.m.c.i.embedder.EclipseLogger - skip non existing resourceDirectory /home/saturnino/academiajava/SistemaAcademico/src/test/resources
2016-09-22 16:24:54,119 [Worker-38] INFO  o.e.m.c.i.embedder.EclipseLogger - Using 'UTF-8' encoding to copy filtered resources.
2016-09-22 16:24:54,120 [Worker-38] INFO  o.e.m.c.i.embedder.EclipseLogger - skip non existing resourceDirectory /home/saturnino/academiajava/SistemaAcademico/src/main/resources
2016-09-22 16:24:54,158 [Worker-38] INFO  o.e.m.c.i.embedder.EclipseLogger - Using 'UTF-8' encoding to copy filtered resources.
2016-09-22 16:24:54,158 [Worker-38] INFO  o.e.m.c.i.embedder.EclipseLogger - skip non existing resourceDirectory /home/saturnino/academiajava/SistemaAcademico/src/test/resources
2016-09-22 16:25:18,450 [Worker-39] INFO  o.e.m.c.i.embedder.EclipseLogger - Using 'UTF-8' encoding to copy filtered resources.
2016-09-22 16:25:18,455 [Worker-39] INFO  o.e.m.c.i.embedder.EclipseLogger - skip non existing resourceDirectory /home/saturnino/academiajava/SistemaAcademico/src/main/resources
2016-09-22 16:25:18,490 [Worker-39] INFO  o.e.m.c.i.embedder.EclipseLogger - Using 'UTF-8' encoding to copy filtered resources.
2016-09-22 16:25:18,532 [Worker-39] INFO  o.e.m.c.i.embedder.EclipseLogger - skip non existing resourceDirectory /home/saturnino/academiajava/SistemaAcademico/src/test/resources
2016-09-22 16:26:10,151 [Worker-34] INFO  o.e.m.c.i.embedder.EclipseLogger - Using 'UTF-8' encoding to copy filtered resources.
2016-09-22 16:26:10,152 [Worker-34] INFO  o.e.m.c.i.embedder.EclipseLogger - skip non existing resourceDirectory /home/saturnino/academiajava/SistemaAcademico/src/main/resources
2016-09-22 16:26:10,183 [Worker-34] INFO  o.e.m.c.i.embedder.EclipseLogger - Using 'UTF-8' encoding to copy filtered resources.
2016-09-22 16:26:10,184 [Worker-34] INFO  o.e.m.c.i.embedder.EclipseLogger - skip non existing resourceDirectory /home/saturnino/academiajava/SistemaAcademico/src/test/resources
2016-09-22 16:26:38,615 [Worker-43] INFO  o.e.m.c.i.embedder.EclipseLogger - Using 'UTF-8' encoding to copy filtered resources.
2016-09-22 16:26:38,615 [Worker-43] INFO  o.e.m.c.i.embedder.EclipseLogger - skip non existing resourceDirectory /home/saturnino/academiajava/SistemaAcademico/src/main/resources
2016-09-22 16:26:38,643 [Worker-43] INFO  o.e.m.c.i.embedder.EclipseLogger - Using 'UTF-8' encoding to copy filtered resources.
2016-09-22 16:26:38,644 [Worker-43] INFO  o.e.m.c.i.embedder.EclipseLogger - skip non existing resourceDirectory /home/saturnino/academiajava/SistemaAcademico/src/test/resources
2016-09-22 16:26:51,225 [Worker-32] INFO  o.e.m.c.i.embedder.EclipseLogger - Using 'UTF-8' encoding to copy filtered resources.
2016-09-22 16:26:51,225 [Worker-32] INFO  o.e.m.c.i.embedder.EclipseLogger - skip non existing resourceDirectory /home/saturnino/academiajava/SistemaAcademico/src/main/resources
2016-09-22 16:26:51,240 [Worker-32] INFO  o.e.m.c.i.embedder.EclipseLogger - Using 'UTF-8' encoding to copy filtered resources.
2016-09-22 16:26:51,241 [Worker-32] INFO  o.e.m.c.i.embedder.EclipseLogger - skip non existing resourceDirectory /home/saturnino/academiajava/SistemaAcademico/src/test/resources
2016-09-22 16:26:55,599 [Worker-32] INFO  o.e.m.c.i.embedder.EclipseLogger - Using 'UTF-8' encoding to copy filtered resources.
2016-09-22 16:26:55,604 [Worker-32] INFO  o.e.m.c.i.embedder.EclipseLogger - skip non existing resourceDirectory /home/saturnino/academiajava/SistemaAcademico/src/main/resources
2016-09-22 16:26:55,607 [Worker-32] INFO  o.e.m.c.i.embedder.EclipseLogger - Using 'UTF-8' encoding to copy filtered resources.
2016-09-22 16:26:55,608 [Worker-32] INFO  o.e.m.c.i.embedder.EclipseLogger - skip non existing resourceDirectory /home/saturnino/academiajava/SistemaAcademico/src/test/resources
2016-09-22 16:28:40,963 [Worker-41] INFO  o.e.m.c.i.embedder.EclipseLogger - Using 'UTF-8' encoding to copy filtered resources.
2016-09-22 16:28:40,964 [Worker-41] INFO  o.e.m.c.i.embedder.EclipseLogger - skip non existing resourceDirectory /home/saturnino/academiajava/SistemaAcademico/src/main/resources
2016-09-22 16:28:40,969 [Worker-41] INFO  o.e.m.c.i.embedder.EclipseLogger - Using 'UTF-8' encoding to copy filtered resources.
2016-09-22 16:28:40,969 [Worker-41] INFO  o.e.m.c.i.embedder.EclipseLogger - skip non existing resourceDirectory /home/saturnino/academiajava/SistemaAcademico/src/test/resources
2016-09-22 16:28:45,323 [Worker-41] INFO  o.e.m.c.i.embedder.EclipseLogger - Using 'UTF-8' encoding to copy filtered resources.
2016-09-22 16:28:45,324 [Worker-41] INFO  o.e.m.c.i.embedder.EclipseLogger - skip non existing resourceDirectory /home/saturnino/academiajava/SistemaAcademico/src/main/resources
2016-09-22 16:28:45,328 [Worker-41] INFO  o.e.m.c.i.embedder.EclipseLogger - Using 'UTF-8' encoding to copy filtered resources.
2016-09-22 16:28:45,329 [Worker-41] INFO  o.e.m.c.i.embedder.EclipseLogger - skip non existing resourceDirectory /home/saturnino/academiajava/SistemaAcademico/src/test/resources
